mode: set
github.com/RomanAVolodin/go-booking/cmd/web/main.go:22.13,24.16 2 0
github.com/RomanAVolodin/go-booking/cmd/web/main.go:28.2,36.16 4 0
github.com/RomanAVolodin/go-booking/cmd/web/main.go:24.16,26.3 1 0
github.com/RomanAVolodin/go-booking/cmd/web/main.go:39.18,54.16 10 1
github.com/RomanAVolodin/go-booking/cmd/web/main.go:59.2,66.12 6 1
github.com/RomanAVolodin/go-booking/cmd/web/main.go:54.16,57.3 2 0
github.com/RomanAVolodin/go-booking/cmd/web/middleware.go:10.53,11.71 1 0
github.com/RomanAVolodin/go-booking/cmd/web/middleware.go:11.71,14.3 2 0
github.com/RomanAVolodin/go-booking/cmd/web/middleware.go:18.45,29.2 3 1
github.com/RomanAVolodin/go-booking/cmd/web/middleware.go:32.50,34.2 1 1
github.com/RomanAVolodin/go-booking/cmd/web/routes.go:11.49,40.2 18 1
